<?xml version="1.0" encoding="UTF-8"?>
<!-- Generated by org.testng.reporters.JUnitReportReporter -->
<testsuite skipped="0" hostname="Yashs-MacBook-Air.local" name="cucumberOptions.FailedTestTestRunner" tests="1" failures="1" timestamp="2024-07-11T22:20:40 IST" time="12.060" errors="0">
  <testcase name="runScenario" time="12.060" classname="cucumberOptions.FailedTestTestRunner">
    <failure type="java.lang.AssertionError" message="expected [Beetroot] but found [No data]">
      <![CDATA[java.lang.AssertionError: expected [Beetroot] but found [No data]
at org.testng.Assert.fail(Assert.java:97)
at org.testng.Assert.assertEqualsImpl(Assert.java:136)
at org.testng.Assert.assertEquals(Assert.java:118)
at org.testng.Assert.assertEquals(Assert.java:575)
at org.testng.Assert.assertEquals(Assert.java:585)
at stepDefinitions.OfferPagePageStepDefinition.validate_the_product_name_in_offers_page_matches_with_Landing_Page(OfferPagePageStepDefinition.java:81)
at ✽.validate the product name in offers page matches with Landing Page(file:///Users/yashchouhan/eclipse-workspace/CucumberFramework_RSA/src/test/java/features/searchProduct.feature:9)
]]>
    </failure>
  </testcase> <!-- runScenario -->
  <system-out/>
</testsuite> <!-- cucumberOptions.FailedTestTestRunner -->
